<?xml version="1.0" encoding="UTF-8"?>
<!-- Generated by org.testng.reporters.JUnitReportReporter -->
<testsuite skipped="0" hostname="Kris-PC" name="readtab.ReadTable" tests="1" failures="0" timestamp="2020-04-28T13:17:34 CDT" time="26.854" errors="0">
  <testcase name="sheetwriting" time="26.854" classname="readtab.ReadTable"/>
  <system-out/>
</testsuite> <!-- readtab.ReadTable -->
