<?xml version="1.0" encoding="UTF-8"?>
<!-- Generated by org.testng.reporters.JUnitReportReporter -->
<testsuite skipped="0" hostname="Kris-PC" name="readtbtest.TableandDBverify" tests="2" failures="0" timestamp="2020-05-02T15:17:28 CDT" time="5.669" errors="0">
  <testcase name="DatafromDb" time="0.005" classname="readtbtest.TableandDBverify"/>
  <system-out/>
  <testcase name="databaseAndWebcheck" time="5.664" classname="readtbtest.TableandDBverify"/>
  <system-out/>
</testsuite> <!-- readtbtest.TableandDBverify -->
